{"/home/grobacz/projects/kanji/kanji-trainer/dist/assets/index-D6ie6lTR.js": {"path":"/home/grobacz/projects/kanji/kanji-trainer/dist/assets/index-D6ie6lTR.js","all":true,"statementMap":{"0":{"start":{"line":1,"column":0},"end":{"line":1,"column":840}},"1":{"start":{"line":2,"column":0},"end":{"line":2,"column":17}},"2":{"start":{"line":3,"column":0},"end":{"line":3,"column":34}},"3":{"start":{"line":4,"column":0},"end":{"line":4,"column":2}},"4":{"start":{"line":5,"column":0},"end":{"line":5,"column":53}},"5":{"start":{"line":6,"column":0},"end":{"line":6,"column":2}},"6":{"start":{"line":7,"column":0},"end":{"line":7,"column":66}},"7":{"start":{"line":8,"column":0},"end":{"line":8,"column":58}},"8":{"start":{"line":9,"column":0},"end":{"line":9,"column":484}},"9":{"start":{"line":10,"column":0},"end":{"line":10,"column":17}},"10":{"start":{"line":11,"column":0},"end":{"line":11,"column":22}},"11":{"start":{"line":12,"column":0},"end":{"line":12,"column":2}},"12":{"start":{"line":13,"column":0},"end":{"line":13,"column":53}},"13":{"start":{"line":14,"column":0},"end":{"line":14,"column":2}},"14":{"start":{"line":15,"column":0},"end":{"line":15,"column":66}},"15":{"start":{"line":16,"column":0},"end":{"line":16,"column":58}},"16":{"start":{"line":17,"column":0},"end":{"line":17,"column":7852}},"17":{"start":{"line":18,"column":0},"end":{"line":18,"column":17}},"18":{"start":{"line":19,"column":0},"end":{"line":19,"column":26}},"19":{"start":{"line":20,"column":0},"end":{"line":20,"column":2}},"20":{"start":{"line":21,"column":0},"end":{"line":21,"column":53}},"21":{"start":{"line":22,"column":0},"end":{"line":22,"column":2}},"22":{"start":{"line":23,"column":0},"end":{"line":23,"column":66}},"23":{"start":{"line":24,"column":0},"end":{"line":24,"column":58}},"24":{"start":{"line":25,"column":0},"end":{"line":25,"column":3690}},"25":{"start":{"line":26,"column":0},"end":{"line":26,"column":17}},"26":{"start":{"line":27,"column":0},"end":{"line":27,"column":26}},"27":{"start":{"line":28,"column":0},"end":{"line":28,"column":2}},"28":{"start":{"line":29,"column":0},"end":{"line":29,"column":53}},"29":{"start":{"line":30,"column":0},"end":{"line":30,"column":2}},"30":{"start":{"line":31,"column":0},"end":{"line":31,"column":66}},"31":{"start":{"line":32,"column":0},"end":{"line":32,"column":58}},"32":{"start":{"line":33,"column":0},"end":{"line":33,"column":3609}},"33":{"start":{"line":34,"column":0},"end":{"line":34,"column":17}},"34":{"start":{"line":35,"column":0},"end":{"line":35,"column":33}},"35":{"start":{"line":36,"column":0},"end":{"line":36,"column":2}},"36":{"start":{"line":37,"column":0},"end":{"line":37,"column":53}},"37":{"start":{"line":38,"column":0},"end":{"line":38,"column":2}},"38":{"start":{"line":39,"column":0},"end":{"line":39,"column":66}},"39":{"start":{"line":40,"column":0},"end":{"line":40,"column":58}},"40":{"start":{"line":41,"column":0},"end":{"line":41,"column":10195}},"41":{"start":{"line":42,"column":0},"end":{"line":42,"column":75}},"42":{"start":{"line":43,"column":0},"end":{"line":43,"column":985}},"43":{"start":{"line":44,"column":0},"end":{"line":44,"column":14}},"44":{"start":{"line":45,"column":0},"end":{"line":45,"column":328}},"45":{"start":{"line":46,"column":0},"end":{"line":46,"column":633}},"46":{"start":{"line":47,"column":0},"end":{"line":47,"column":37}},"47":{"start":{"line":48,"column":0},"end":{"line":48,"column":122979}},"48":{"start":{"line":49,"column":0},"end":{"line":49,"column":34696}},"49":{"start":{"line":50,"column":0},"end":{"line":50,"column":22}},"50":{"start":{"line":51,"column":0},"end":{"line":51,"column":2}},"51":{"start":{"line":52,"column":0},"end":{"line":52,"column":36}},"52":{"start":{"line":53,"column":0},"end":{"line":53,"column":2}},"53":{"start":{"line":54,"column":0},"end":{"line":54,"column":66}},"54":{"start":{"line":55,"column":0},"end":{"line":55,"column":61}},"55":{"start":{"line":56,"column":0},"end":{"line":56,"column":2}},"56":{"start":{"line":57,"column":0},"end":{"line":57,"column":15}},"57":{"start":{"line":58,"column":0},"end":{"line":58,"column":10920}},"59":{"start":{"line":60,"column":0},"end":{"line":60,"column":49189}},"60":{"start":{"line":61,"column":0},"end":{"line":61,"column":6}},"61":{"start":{"line":62,"column":0},"end":{"line":62,"column":36}},"62":{"start":{"line":63,"column":0},"end":{"line":63,"column":12}},"63":{"start":{"line":64,"column":0},"end":{"line":64,"column":1}},"64":{"start":{"line":65,"column":0},"end":{"line":65,"column":4}},"65":{"start":{"line":66,"column":0},"end":{"line":66,"column":35}},"66":{"start":{"line":67,"column":0},"end":{"line":67,"column":13}},"67":{"start":{"line":68,"column":0},"end":{"line":68,"column":9}},"68":{"start":{"line":69,"column":0},"end":{"line":69,"column":6}},"69":{"start":{"line":70,"column":0},"end":{"line":70,"column":22}},"70":{"start":{"line":71,"column":0},"end":{"line":71,"column":13}},"71":{"start":{"line":72,"column":0},"end":{"line":72,"column":1}},"72":{"start":{"line":73,"column":0},"end":{"line":73,"column":4}},"73":{"start":{"line":74,"column":0},"end":{"line":74,"column":22}},"74":{"start":{"line":75,"column":0},"end":{"line":75,"column":13}},"75":{"start":{"line":76,"column":0},"end":{"line":76,"column":9}},"76":{"start":{"line":77,"column":0},"end":{"line":77,"column":6}},"77":{"start":{"line":78,"column":0},"end":{"line":78,"column":36}},"78":{"start":{"line":79,"column":0},"end":{"line":79,"column":12}},"79":{"start":{"line":80,"column":0},"end":{"line":80,"column":1}},"80":{"start":{"line":81,"column":0},"end":{"line":81,"column":4}},"81":{"start":{"line":82,"column":0},"end":{"line":82,"column":36}},"82":{"start":{"line":83,"column":0},"end":{"line":83,"column":12}},"83":{"start":{"line":84,"column":0},"end":{"line":84,"column":16}},"84":{"start":{"line":85,"column":0},"end":{"line":85,"column":14}},"85":{"start":{"line":86,"column":0},"end":{"line":86,"column":13}},"86":{"start":{"line":87,"column":0},"end":{"line":87,"column":15}},"87":{"start":{"line":88,"column":0},"end":{"line":88,"column":22}},"88":{"start":{"line":89,"column":0},"end":{"line":89,"column":41}},"89":{"start":{"line":90,"column":0},"end":{"line":90,"column":21}},"90":{"start":{"line":91,"column":0},"end":{"line":91,"column":27}},"92":{"start":{"line":93,"column":0},"end":{"line":93,"column":63}},"93":{"start":{"line":94,"column":0},"end":{"line":94,"column":13}},"94":{"start":{"line":95,"column":0},"end":{"line":95,"column":25}},"96":{"start":{"line":97,"column":0},"end":{"line":97,"column":10}},"97":{"start":{"line":98,"column":0},"end":{"line":98,"column":12}},"98":{"start":{"line":99,"column":0},"end":{"line":99,"column":16}},"99":{"start":{"line":100,"column":0},"end":{"line":100,"column":45}},"100":{"start":{"line":101,"column":0},"end":{"line":101,"column":27}},"101":{"start":{"line":102,"column":0},"end":{"line":102,"column":23}},"102":{"start":{"line":103,"column":0},"end":{"line":103,"column":23}},"103":{"start":{"line":104,"column":0},"end":{"line":104,"column":15}},"104":{"start":{"line":105,"column":0},"end":{"line":105,"column":42}},"105":{"start":{"line":106,"column":0},"end":{"line":106,"column":16}},"106":{"start":{"line":107,"column":0},"end":{"line":107,"column":14}},"107":{"start":{"line":108,"column":0},"end":{"line":108,"column":16}},"108":{"start":{"line":109,"column":0},"end":{"line":109,"column":16}},"109":{"start":{"line":110,"column":0},"end":{"line":110,"column":3}},"111":{"start":{"line":112,"column":0},"end":{"line":112,"column":12}},"112":{"start":{"line":113,"column":0},"end":{"line":113,"column":45}},"113":{"start":{"line":114,"column":0},"end":{"line":114,"column":27}},"114":{"start":{"line":115,"column":0},"end":{"line":115,"column":29}},"115":{"start":{"line":116,"column":0},"end":{"line":116,"column":3}},"116":{"start":{"line":117,"column":0},"end":{"line":117,"column":8}},"117":{"start":{"line":118,"column":0},"end":{"line":118,"column":8}},"118":{"start":{"line":119,"column":0},"end":{"line":119,"column":28}},"119":{"start":{"line":120,"column":0},"end":{"line":120,"column":3}},"120":{"start":{"line":121,"column":0},"end":{"line":121,"column":6}},"121":{"start":{"line":122,"column":0},"end":{"line":122,"column":30}},"122":{"start":{"line":123,"column":0},"end":{"line":123,"column":3}},"123":{"start":{"line":124,"column":0},"end":{"line":124,"column":15}},"124":{"start":{"line":125,"column":0},"end":{"line":125,"column":14}},"125":{"start":{"line":126,"column":0},"end":{"line":126,"column":15}},"126":{"start":{"line":127,"column":0},"end":{"line":127,"column":25}},"127":{"start":{"line":128,"column":0},"end":{"line":128,"column":20}},"128":{"start":{"line":129,"column":0},"end":{"line":129,"column":22}},"129":{"start":{"line":130,"column":0},"end":{"line":130,"column":45}},"130":{"start":{"line":131,"column":0},"end":{"line":131,"column":49}},"131":{"start":{"line":132,"column":0},"end":{"line":132,"column":38}},"132":{"start":{"line":133,"column":0},"end":{"line":133,"column":8}},"133":{"start":{"line":134,"column":0},"end":{"line":134,"column":6}},"134":{"start":{"line":135,"column":0},"end":{"line":135,"column":36}},"135":{"start":{"line":136,"column":0},"end":{"line":136,"column":12}},"136":{"start":{"line":137,"column":0},"end":{"line":137,"column":1}},"137":{"start":{"line":138,"column":0},"end":{"line":138,"column":4}},"138":{"start":{"line":139,"column":0},"end":{"line":139,"column":36}},"139":{"start":{"line":140,"column":0},"end":{"line":140,"column":12}},"140":{"start":{"line":141,"column":0},"end":{"line":141,"column":9}},"141":{"start":{"line":142,"column":0},"end":{"line":142,"column":4}},"142":{"start":{"line":143,"column":0},"end":{"line":143,"column":11}},"143":{"start":{"line":144,"column":0},"end":{"line":144,"column":10}},"144":{"start":{"line":145,"column":0},"end":{"line":145,"column":12}},"145":{"start":{"line":146,"column":0},"end":{"line":146,"column":1}},"146":{"start":{"line":147,"column":0},"end":{"line":147,"column":5}},"147":{"start":{"line":148,"column":0},"end":{"line":148,"column":12}},"148":{"start":{"line":149,"column":0},"end":{"line":149,"column":12}},"149":{"start":{"line":150,"column":0},"end":{"line":150,"column":12}},"150":{"start":{"line":151,"column":0},"end":{"line":151,"column":1}},"151":{"start":{"line":152,"column":0},"end":{"line":152,"column":6}},"152":{"start":{"line":153,"column":0},"end":{"line":153,"column":13}},"153":{"start":{"line":154,"column":0},"end":{"line":154,"column":15}},"154":{"start":{"line":155,"column":0},"end":{"line":155,"column":16}},"155":{"start":{"line":156,"column":0},"end":{"line":156,"column":14}},"156":{"start":{"line":157,"column":0},"end":{"line":157,"column":13}},"157":{"start":{"line":158,"column":0},"end":{"line":158,"column":15}},"158":{"start":{"line":159,"column":0},"end":{"line":159,"column":22}},"159":{"start":{"line":160,"column":0},"end":{"line":160,"column":41}},"160":{"start":{"line":161,"column":0},"end":{"line":161,"column":21}},"161":{"start":{"line":162,"column":0},"end":{"line":162,"column":27}},"163":{"start":{"line":164,"column":0},"end":{"line":164,"column":63}},"164":{"start":{"line":165,"column":0},"end":{"line":165,"column":13}},"165":{"start":{"line":166,"column":0},"end":{"line":166,"column":25}},"166":{"start":{"line":167,"column":0},"end":{"line":167,"column":11}},"167":{"start":{"line":168,"column":0},"end":{"line":168,"column":16}},"168":{"start":{"line":169,"column":0},"end":{"line":169,"column":27}},"169":{"start":{"line":170,"column":0},"end":{"line":170,"column":44}},"170":{"start":{"line":171,"column":0},"end":{"line":171,"column":15}},"171":{"start":{"line":172,"column":0},"end":{"line":172,"column":27}},"172":{"start":{"line":173,"column":0},"end":{"line":173,"column":23}},"173":{"start":{"line":174,"column":0},"end":{"line":174,"column":28}},"174":{"start":{"line":175,"column":0},"end":{"line":175,"column":29}},"175":{"start":{"line":176,"column":0},"end":{"line":176,"column":44}},"176":{"start":{"line":177,"column":0},"end":{"line":177,"column":16}},"177":{"start":{"line":178,"column":0},"end":{"line":178,"column":14}},"178":{"start":{"line":179,"column":0},"end":{"line":179,"column":17}},"179":{"start":{"line":180,"column":0},"end":{"line":180,"column":15}},"180":{"start":{"line":181,"column":0},"end":{"line":181,"column":3}},"181":{"start":{"line":182,"column":0},"end":{"line":182,"column":15}},"182":{"start":{"line":183,"column":0},"end":{"line":183,"column":21}},"183":{"start":{"line":184,"column":0},"end":{"line":184,"column":15}},"184":{"start":{"line":185,"column":0},"end":{"line":185,"column":21}},"185":{"start":{"line":186,"column":0},"end":{"line":186,"column":16}},"186":{"start":{"line":187,"column":0},"end":{"line":187,"column":26}},"187":{"start":{"line":188,"column":0},"end":{"line":188,"column":22}},"188":{"start":{"line":189,"column":0},"end":{"line":189,"column":18}},"189":{"start":{"line":190,"column":0},"end":{"line":190,"column":19}},"190":{"start":{"line":191,"column":0},"end":{"line":191,"column":8}},"191":{"start":{"line":192,"column":0},"end":{"line":192,"column":6}},"192":{"start":{"line":193,"column":0},"end":{"line":193,"column":24}},"193":{"start":{"line":194,"column":0},"end":{"line":194,"column":15}},"194":{"start":{"line":195,"column":0},"end":{"line":195,"column":1}},"195":{"start":{"line":196,"column":0},"end":{"line":196,"column":4}},"196":{"start":{"line":197,"column":0},"end":{"line":197,"column":22}},"197":{"start":{"line":198,"column":0},"end":{"line":198,"column":13}},"198":{"start":{"line":199,"column":0},"end":{"line":199,"column":16}},"199":{"start":{"line":200,"column":0},"end":{"line":200,"column":21}},"200":{"start":{"line":201,"column":0},"end":{"line":201,"column":24}},"201":{"start":{"line":202,"column":0},"end":{"line":202,"column":15}},"202":{"start":{"line":203,"column":0},"end":{"line":203,"column":18}},"203":{"start":{"line":204,"column":0},"end":{"line":204,"column":69}},"204":{"start":{"line":205,"column":0},"end":{"line":205,"column":13}},"205":{"start":{"line":206,"column":0},"end":{"line":206,"column":301}},"206":{"start":{"line":207,"column":0},"end":{"line":207,"column":66}},"207":{"start":{"line":208,"column":0},"end":{"line":208,"column":57}},"208":{"start":{"line":209,"column":0},"end":{"line":209,"column":9}},"209":{"start":{"line":210,"column":0},"end":{"line":210,"column":58}},"210":{"start":{"line":211,"column":0},"end":{"line":211,"column":70}},"211":{"start":{"line":212,"column":0},"end":{"line":212,"column":89}},"212":{"start":{"line":213,"column":0},"end":{"line":213,"column":16}},"213":{"start":{"line":214,"column":0},"end":{"line":214,"column":22}},"214":{"start":{"line":215,"column":0},"end":{"line":215,"column":19}},"215":{"start":{"line":216,"column":0},"end":{"line":216,"column":17}},"216":{"start":{"line":217,"column":0},"end":{"line":217,"column":19}},"217":{"start":{"line":218,"column":0},"end":{"line":218,"column":25}},"218":{"start":{"line":219,"column":0},"end":{"line":219,"column":75}},"219":{"start":{"line":220,"column":0},"end":{"line":220,"column":19}},"220":{"start":{"line":221,"column":0},"end":{"line":221,"column":23}},"221":{"start":{"line":222,"column":0},"end":{"line":222,"column":20}},"222":{"start":{"line":223,"column":0},"end":{"line":223,"column":21}},"223":{"start":{"line":224,"column":0},"end":{"line":224,"column":15}},"224":{"start":{"line":225,"column":0},"end":{"line":225,"column":16}},"225":{"start":{"line":226,"column":0},"end":{"line":226,"column":26}},"226":{"start":{"line":227,"column":0},"end":{"line":227,"column":19}},"227":{"start":{"line":228,"column":0},"end":{"line":228,"column":17}},"228":{"start":{"line":229,"column":0},"end":{"line":229,"column":17}},"229":{"start":{"line":230,"column":0},"end":{"line":230,"column":24}},"230":{"start":{"line":231,"column":0},"end":{"line":231,"column":1239}},"231":{"start":{"line":232,"column":0},"end":{"line":232,"column":16}},"232":{"start":{"line":233,"column":0},"end":{"line":233,"column":7}},"233":{"start":{"line":234,"column":0},"end":{"line":234,"column":25}},"234":{"start":{"line":235,"column":0},"end":{"line":235,"column":3}},"235":{"start":{"line":236,"column":0},"end":{"line":236,"column":14011}}},"s":{"0":0,"1":0,"2":0,"3":0,"4":0,"5":0,"6":0,"7":0,"8":0,"9":0,"10":0,"11":0,"12":0,"13":0,"14":0,"15":0,"16":0,"17":0,"18":0,"19":0,"20":0,"21":0,"22":0,"23":0,"24":0,"25":0,"26":0,"27":0,"28":0,"29":0,"30":0,"31":0,"32":0,"33":0,"34":0,"35":0,"36":0,"37":0,"38":0,"39":0,"40":0,"41":0,"42":0,"43":0,"44":0,"45":0,"46":0,"47":0,"48":0,"49":0,"50":0,"51":0,"52":0,"53":0,"54":0,"55":0,"56":0,"57":0,"59":0,"60":0,"61":0,"62":0,"63":0,"64":0,"65":0,"66":0,"67":0,"68":0,"69":0,"70":0,"71":0,"72":0,"73":0,"74":0,"75":0,"76":0,"77":0,"78":0,"79":0,"80":0,"81":0,"82":0,"83":0,"84":0,"85":0,"86":0,"87":0,"88":0,"89":0,"90":0,"92":0,"93":0,"94":0,"96":0,"97":0,"98":0,"99":0,"100":0,"101":0,"102":0,"103":0,"104":0,"105":0,"106":0,"107":0,"108":0,"109":0,"111":0,"112":0,"113":0,"114":0,"115":0,"116":0,"117":0,"118":0,"119":0,"120":0,"121":0,"122":0,"123":0,"124":0,"125":0,"126":0,"127":0,"128":0,"129":0,"130":0,"131":0,"132":0,"133":0,"134":0,"135":0,"136":0,"137":0,"138":0,"139":0,"140":0,"141":0,"142":0,"143":0,"144":0,"145":0,"146":0,"147":0,"148":0,"149":0,"150":0,"151":0,"152":0,"153":0,"154":0,"155":0,"156":0,"157":0,"158":0,"159":0,"160":0,"161":0,"163":0,"164":0,"165":0,"166":0,"167":0,"168":0,"169":0,"170":0,"171":0,"172":0,"173":0,"174":0,"175":0,"176":0,"177":0,"178":0,"179":0,"180":0,"181":0,"182":0,"183":0,"184":0,"185":0,"186":0,"187":0,"188":0,"189":0,"190":0,"191":0,"192":0,"193":0,"194":0,"195":0,"196":0,"197":0,"198":0,"199":0,"200":0,"201":0,"202":0,"203":0,"204":0,"205":0,"206":0,"207":0,"208":0,"209":0,"210":0,"211":0,"212":0,"213":0,"214":0,"215":0,"216":0,"217":0,"218":0,"219":0,"220":0,"221":0,"222":0,"223":0,"224":0,"225":0,"226":0,"227":0,"228":0,"229":0,"230":0,"231":0,"232":0,"233":0,"234":0,"235":0},"branchMap":{"0":{"type":"branch","line":1,"loc":{"start":{"line":1,"column":0},"end":{"line":236,"column":13571}},"locations":[{"start":{"line":1,"column":0},"end":{"line":236,"column":13571}}]}},"b":{"0":[0]},"fnMap":{"0":{"name":"(empty-report)","decl":{"start":{"line":1,"column":0},"end":{"line":236,"column":13571}},"loc":{"start":{"line":1,"column":0},"end":{"line":236,"column":13571}},"line":1}},"f":{"0":0}}
,"/home/grobacz/projects/kanji/kanji-trainer/src/App.tsx": {"path":"/home/grobacz/projects/kanji/kanji-trainer/src/App.tsx","all":true,"statementMap":{"0":{"start":{"line":1,"column":0},"end":{"line":1,"column":74}},"1":{"start":{"line":2,"column":0},"end":{"line":2,"column":73}},"2":{"start":{"line":3,"column":0},"end":{"line":3,"column":42}},"3":{"start":{"line":4,"column":0},"end":{"line":4,"column":62}},"4":{"start":{"line":5,"column":0},"end":{"line":5,"column":48}},"5":{"start":{"line":6,"column":0},"end":{"line":6,"column":56}},"6":{"start":{"line":7,"column":0},"end":{"line":7,"column":69}},"7":{"start":{"line":8,"column":0},"end":{"line":8,"column":75}},"8":{"start":{"line":9,"column":0},"end":{"line":9,"column":60}},"10":{"start":{"line":11,"column":0},"end":{"line":11,"column":37}},"11":{"start":{"line":12,"column":0},"end":{"line":12,"column":19}},"12":{"start":{"line":13,"column":0},"end":{"line":13,"column":14}},"13":{"start":{"line":14,"column":0},"end":{"line":14,"column":15}},"14":{"start":{"line":15,"column":0},"end":{"line":15,"column":44}},"15":{"start":{"line":16,"column":0},"end":{"line":16,"column":6}},"16":{"start":{"line":17,"column":0},"end":{"line":17,"column":4}},"17":{"start":{"line":18,"column":0},"end":{"line":18,"column":3}},"19":{"start":{"line":20,"column":0},"end":{"line":20,"column":16}},"20":{"start":{"line":21,"column":0},"end":{"line":21,"column":10}},"21":{"start":{"line":22,"column":0},"end":{"line":22,"column":46}},"22":{"start":{"line":23,"column":0},"end":{"line":23,"column":21}},"23":{"start":{"line":24,"column":0},"end":{"line":24,"column":16}},"24":{"start":{"line":25,"column":0},"end":{"line":25,"column":65}},"25":{"start":{"line":26,"column":0},"end":{"line":26,"column":22}},"26":{"start":{"line":27,"column":0},"end":{"line":27,"column":65}},"27":{"start":{"line":28,"column":0},"end":{"line":28,"column":22}},"28":{"start":{"line":29,"column":0},"end":{"line":29,"column":62}},"29":{"start":{"line":30,"column":0},"end":{"line":30,"column":67}},"30":{"start":{"line":31,"column":0},"end":{"line":31,"column":69}},"31":{"start":{"line":32,"column":0},"end":{"line":32,"column":69}},"32":{"start":{"line":33,"column":0},"end":{"line":33,"column":23}},"33":{"start":{"line":34,"column":0},"end":{"line":34,"column":19}},"34":{"start":{"line":35,"column":0},"end":{"line":35,"column":26}},"35":{"start":{"line":36,"column":0},"end":{"line":36,"column":16}},"36":{"start":{"line":37,"column":0},"end":{"line":37,"column":18}},"37":{"start":{"line":38,"column":0},"end":{"line":38,"column":32}},"38":{"start":{"line":39,"column":0},"end":{"line":39,"column":27}},"39":{"start":{"line":40,"column":0},"end":{"line":40,"column":29}},"40":{"start":{"line":41,"column":0},"end":{"line":41,"column":22}},"41":{"start":{"line":42,"column":0},"end":{"line":42,"column":38}},"42":{"start":{"line":43,"column":0},"end":{"line":43,"column":30}},"43":{"start":{"line":44,"column":0},"end":{"line":44,"column":16}},"44":{"start":{"line":45,"column":0},"end":{"line":45,"column":14}},"45":{"start":{"line":46,"column":0},"end":{"line":46,"column":12}},"46":{"start":{"line":47,"column":0},"end":{"line":47,"column":17}},"47":{"start":{"line":48,"column":0},"end":{"line":48,"column":22}},"48":{"start":{"line":49,"column":0},"end":{"line":49,"column":26}},"50":{"start":{"line":51,"column":0},"end":{"line":51,"column":1}},"52":{"start":{"line":53,"column":0},"end":{"line":53,"column":19}}},"s":{"0":0,"1":0,"2":0,"3":0,"4":0,"5":0,"6":0,"7":0,"8":0,"10":0,"11":0,"12":0,"13":0,"14":0,"15":0,"16":0,"17":0,"19":0,"20":0,"21":0,"22":0,"23":0,"24":0,"25":0,"26":0,"27":0,"28":0,"29":0,"30":0,"31":0,"32":0,"33":0,"34":0,"35":0,"36":0,"37":0,"38":0,"39":0,"40":0,"41":0,"42":0,"43":0,"44":0,"45":0,"46":0,"47":0,"48":0,"50":0,"52":0},"branchMap":{"0":{"type":"branch","line":1,"loc":{"start":{"line":1,"column":1714},"end":{"line":53,"column":19}},"locations":[{"start":{"line":1,"column":1714},"end":{"line":53,"column":19}}]}},"b":{"0":[0]},"fnMap":{"0":{"name":"(empty-report)","decl":{"start":{"line":1,"column":1714},"end":{"line":53,"column":19}},"loc":{"start":{"line":1,"column":1714},"end":{"line":53,"column":19}},"line":1}},"f":{"0":0}}
,"/home/grobacz/projects/kanji/kanji-trainer/src/components/Flashcards/Flashcards.tsx": {"path":"/home/grobacz/projects/kanji/kanji-trainer/src/components/Flashcards/Flashcards.tsx","all":true,"statementMap":{"0":{"start":{"line":1,"column":0},"end":{"line":1,"column":51}},"1":{"start":{"line":2,"column":0},"end":{"line":2,"column":40}},"3":{"start":{"line":4,"column":0},"end":{"line":4,"column":36}},"4":{"start":{"line":5,"column":0},"end":{"line":5,"column":68}},"6":{"start":{"line":7,"column":0},"end":{"line":7,"column":23}},"7":{"start":{"line":8,"column":0},"end":{"line":8,"column":12}},"8":{"start":{"line":9,"column":0},"end":{"line":9,"column":53}},"9":{"start":{"line":10,"column":0},"end":{"line":10,"column":78}},"10":{"start":{"line":11,"column":0},"end":{"line":11,"column":69}},"12":{"start":{"line":13,"column":0},"end":{"line":13,"column":15}},"13":{"start":{"line":14,"column":0},"end":{"line":14,"column":46}},"15":{"start":{"line":16,"column":0},"end":{"line":16,"column":14}},"16":{"start":{"line":17,"column":0},"end":{"line":17,"column":15}},"17":{"start":{"line":18,"column":0},"end":{"line":18,"column":23}},"18":{"start":{"line":19,"column":0},"end":{"line":19,"column":122}},"19":{"start":{"line":20,"column":0},"end":{"line":20,"column":11}},"21":{"start":{"line":22,"column":0},"end":{"line":22,"column":17}},"22":{"start":{"line":23,"column":0},"end":{"line":23,"column":14}},"23":{"start":{"line":24,"column":0},"end":{"line":24,"column":12}},"25":{"start":{"line":26,"column":0},"end":{"line":26,"column":3}},"27":{"start":{"line":28,"column":0},"end":{"line":28,"column":10}},"28":{"start":{"line":29,"column":0},"end":{"line":29,"column":39}},"29":{"start":{"line":30,"column":0},"end":{"line":30,"column":40}},"30":{"start":{"line":31,"column":0},"end":{"line":31,"column":62}},"31":{"start":{"line":32,"column":0},"end":{"line":32,"column":44}},"32":{"start":{"line":33,"column":0},"end":{"line":33,"column":13}},"33":{"start":{"line":34,"column":0},"end":{"line":34,"column":45}},"35":{"start":{"line":36,"column":0},"end":{"line":36,"column":12}},"36":{"start":{"line":37,"column":0},"end":{"line":37,"column":12}},"38":{"start":{"line":39,"column":0},"end":{"line":39,"column":66}},"39":{"start":{"line":40,"column":0},"end":{"line":40,"column":37}},"40":{"start":{"line":41,"column":0},"end":{"line":41,"column":69}},"42":{"start":{"line":43,"column":0},"end":{"line":43,"column":58}},"43":{"start":{"line":44,"column":0},"end":{"line":44,"column":74}},"44":{"start":{"line":45,"column":0},"end":{"line":45,"column":65}},"45":{"start":{"line":46,"column":0},"end":{"line":46,"column":93}},"46":{"start":{"line":47,"column":0},"end":{"line":47,"column":18}},"47":{"start":{"line":48,"column":0},"end":{"line":48,"column":16}},"49":{"start":{"line":50,"column":0},"end":{"line":50,"column":128}},"51":{"start":{"line":52,"column":0},"end":{"line":52,"column":19}},"53":{"start":{"line":54,"column":0},"end":{"line":54,"column":49}},"55":{"start":{"line":56,"column":0},"end":{"line":56,"column":18}},"56":{"start":{"line":57,"column":0},"end":{"line":57,"column":76}},"57":{"start":{"line":58,"column":0},"end":{"line":58,"column":16}},"58":{"start":{"line":59,"column":0},"end":{"line":59,"column":14}},"59":{"start":{"line":60,"column":0},"end":{"line":60,"column":12}},"60":{"start":{"line":61,"column":0},"end":{"line":61,"column":10}},"62":{"start":{"line":63,"column":0},"end":{"line":63,"column":2}},"64":{"start":{"line":65,"column":0},"end":{"line":65,"column":26}}},"s":{"0":0,"1":0,"3":0,"4":0,"6":0,"7":0,"8":0,"9":0,"10":0,"12":0,"13":0,"15":0,"16":0,"17":0,"18":0,"19":0,"21":0,"22":0,"23":0,"25":0,"27":0,"28":0,"29":0,"30":0,"31":0,"32":0,"33":0,"35":0,"36":0,"38":0,"39":0,"40":0,"42":0,"43":0,"44":0,"45":0,"46":0,"47":0,"49":0,"51":0,"53":0,"55":0,"56":0,"57":0,"58":0,"59":0,"60":0,"62":0,"64":0},"branchMap":{"0":{"type":"branch","line":1,"loc":{"start":{"line":1,"column":2261},"end":{"line":65,"column":26}},"locations":[{"start":{"line":1,"column":2261},"end":{"line":65,"column":26}}]}},"b":{"0":[0]},"fnMap":{"0":{"name":"(empty-report)","decl":{"start":{"line":1,"column":2261},"end":{"line":65,"column":26}},"loc":{"start":{"line":1,"column":2261},"end":{"line":65,"column":26}},"line":1}},"f":{"0":0}}
,"/home/grobacz/projects/kanji/kanji-trainer/src/components/LevelSelector/LevelSelector.tsx": {"path":"/home/grobacz/projects/kanji/kanji-trainer/src/components/LevelSelector/LevelSelector.tsx","all":false,"statementMap":{"0":{"start":{"line":1,"column":0},"end":{"line":1,"column":51}},"3":{"start":{"line":4,"column":0},"end":{"line":4,"column":90}},"4":{"start":{"line":5,"column":0},"end":{"line":5,"column":64}},"5":{"start":{"line":6,"column":0},"end":{"line":6,"column":69}},"6":{"start":{"line":7,"column":0},"end":{"line":7,"column":71}},"7":{"start":{"line":8,"column":0},"end":{"line":8,"column":78}},"8":{"start":{"line":9,"column":0},"end":{"line":9,"column":68}},"9":{"start":{"line":10,"column":0},"end":{"line":10,"column":2}},"11":{"start":{"line":12,"column":0},"end":{"line":12,"column":39}},"12":{"start":{"line":13,"column":0},"end":{"line":13,"column":60}},"14":{"start":{"line":15,"column":0},"end":{"line":15,"column":51}},"15":{"start":{"line":16,"column":0},"end":{"line":16,"column":28}},"16":{"start":{"line":17,"column":0},"end":{"line":17,"column":4}},"18":{"start":{"line":19,"column":0},"end":{"line":19,"column":10}},"19":{"start":{"line":20,"column":0},"end":{"line":20,"column":39}},"20":{"start":{"line":21,"column":0},"end":{"line":21,"column":40}},"21":{"start":{"line":22,"column":0},"end":{"line":22,"column":62}},"23":{"start":{"line":24,"column":0},"end":{"line":24,"column":13}},"24":{"start":{"line":25,"column":0},"end":{"line":25,"column":45}},"26":{"start":{"line":27,"column":0},"end":{"line":27,"column":12}},"27":{"start":{"line":28,"column":0},"end":{"line":28,"column":12}},"29":{"start":{"line":30,"column":0},"end":{"line":30,"column":76}},"30":{"start":{"line":31,"column":0},"end":{"line":31,"column":36}},"31":{"start":{"line":32,"column":0},"end":{"line":32,"column":17}},"32":{"start":{"line":33,"column":0},"end":{"line":33,"column":33}},"33":{"start":{"line":34,"column":0},"end":{"line":34,"column":62}},"34":{"start":{"line":35,"column":0},"end":{"line":35,"column":91}},"35":{"start":{"line":36,"column":0},"end":{"line":36,"column":47}},"36":{"start":{"line":37,"column":0},"end":{"line":37,"column":62}},"37":{"start":{"line":38,"column":0},"end":{"line":38,"column":85}},"38":{"start":{"line":39,"column":0},"end":{"line":39,"column":15}},"40":{"start":{"line":41,"column":0},"end":{"line":41,"column":41}},"41":{"start":{"line":42,"column":0},"end":{"line":42,"column":57}},"42":{"start":{"line":43,"column":0},"end":{"line":43,"column":88}},"43":{"start":{"line":44,"column":0},"end":{"line":44,"column":18}},"44":{"start":{"line":45,"column":0},"end":{"line":45,"column":32}},"45":{"start":{"line":46,"column":0},"end":{"line":46,"column":20}},"46":{"start":{"line":47,"column":0},"end":{"line":47,"column":58}},"47":{"start":{"line":48,"column":0},"end":{"line":48,"column":39}},"48":{"start":{"line":49,"column":0},"end":{"line":49,"column":20}},"49":{"start":{"line":50,"column":0},"end":{"line":50,"column":53}},"50":{"start":{"line":51,"column":0},"end":{"line":51,"column":40}},"51":{"start":{"line":52,"column":0},"end":{"line":52,"column":20}},"52":{"start":{"line":53,"column":0},"end":{"line":53,"column":18}},"53":{"start":{"line":54,"column":0},"end":{"line":54,"column":19}},"54":{"start":{"line":55,"column":0},"end":{"line":55,"column":11}},"55":{"start":{"line":56,"column":0},"end":{"line":56,"column":12}},"57":{"start":{"line":58,"column":0},"end":{"line":58,"column":25}},"58":{"start":{"line":59,"column":0},"end":{"line":59,"column":81}},"59":{"start":{"line":60,"column":0},"end":{"line":60,"column":61}},"60":{"start":{"line":61,"column":0},"end":{"line":61,"column":17}},"61":{"start":{"line":62,"column":0},"end":{"line":62,"column":67}},"62":{"start":{"line":63,"column":0},"end":{"line":63,"column":46}},"63":{"start":{"line":64,"column":0},"end":{"line":64,"column":19}},"64":{"start":{"line":65,"column":0},"end":{"line":65,"column":44}},"66":{"start":{"line":67,"column":0},"end":{"line":67,"column":18}},"67":{"start":{"line":68,"column":0},"end":{"line":68,"column":18}},"68":{"start":{"line":69,"column":0},"end":{"line":69,"column":45}},"69":{"start":{"line":70,"column":0},"end":{"line":70,"column":16}},"70":{"start":{"line":71,"column":0},"end":{"line":71,"column":14}},"72":{"start":{"line":73,"column":0},"end":{"line":73,"column":10}},"74":{"start":{"line":75,"column":0},"end":{"line":75,"column":2}},"76":{"start":{"line":77,"column":0},"end":{"line":77,"column":29}}},"s":{"0":1,"3":1,"4":1,"5":1,"6":1,"7":1,"8":1,"9":1,"11":1,"12":4,"14":4,"15":0,"16":0,"18":4,"19":4,"20":4,"21":4,"23":4,"24":4,"26":4,"27":4,"29":4,"30":4,"31":20,"32":20,"33":20,"34":20,"35":20,"36":0,"37":20,"38":20,"40":20,"41":20,"42":20,"43":20,"44":20,"45":20,"46":20,"47":20,"48":20,"49":20,"50":20,"51":20,"52":20,"53":20,"54":4,"55":4,"57":4,"58":0,"59":0,"60":0,"61":0,"62":0,"63":0,"64":0,"66":0,"67":0,"68":0,"69":0,"70":0,"72":4,"74":4,"76":1},"branchMap":{"0":{"type":"branch","line":12,"loc":{"start":{"line":12,"column":32},"end":{"line":75,"column":2}},"locations":[{"start":{"line":12,"column":32},"end":{"line":75,"column":2}}]},"1":{"type":"branch","line":58,"loc":{"start":{"line":58,"column":7},"end":{"line":71,"column":14}},"locations":[{"start":{"line":58,"column":7},"end":{"line":71,"column":14}}]},"2":{"type":"branch","line":31,"loc":{"start":{"line":31,"column":20},"end":{"line":54,"column":19}},"locations":[{"start":{"line":31,"column":20},"end":{"line":54,"column":19}}]},"3":{"type":"branch","line":36,"loc":{"start":{"line":36,"column":42},"end":{"line":37,"column":62}},"locations":[{"start":{"line":36,"column":42},"end":{"line":37,"column":62}}]},"4":{"type":"branch","line":43,"loc":{"start":{"line":43,"column":44},"end":{"line":43,"column":73}},"locations":[{"start":{"line":43,"column":44},"end":{"line":43,"column":73}}]}},"b":{"0":[4],"1":[0],"2":[20],"3":[0],"4":[0]},"fnMap":{"0":{"name":"LevelSelector","decl":{"start":{"line":12,"column":32},"end":{"line":75,"column":2}},"loc":{"start":{"line":12,"column":32},"end":{"line":75,"column":2}},"line":12},"1":{"name":"handleLevelSelect","decl":{"start":{"line":15,"column":28},"end":{"line":17,"column":4}},"loc":{"start":{"line":15,"column":28},"end":{"line":17,"column":4}},"line":15},"2":{"name":"onClick","decl":{"start":{"line":34,"column":21},"end":{"line":34,"column":62}},"loc":{"start":{"line":34,"column":21},"end":{"line":34,"column":62}},"line":34}},"f":{"0":4,"1":0,"2":0}}
,"/home/grobacz/projects/kanji/kanji-trainer/src/components/WritingPractice/WritingPractice.tsx": {"path":"/home/grobacz/projects/kanji/kanji-trainer/src/components/WritingPractice/WritingPractice.tsx","all":true,"statementMap":{"0":{"start":{"line":1,"column":0},"end":{"line":1,"column":51}},"1":{"start":{"line":2,"column":0},"end":{"line":2,"column":40}},"3":{"start":{"line":4,"column":0},"end":{"line":4,"column":41}},"4":{"start":{"line":5,"column":0},"end":{"line":5,"column":68}},"6":{"start":{"line":7,"column":0},"end":{"line":7,"column":23}},"7":{"start":{"line":8,"column":0},"end":{"line":8,"column":12}},"8":{"start":{"line":9,"column":0},"end":{"line":9,"column":53}},"9":{"start":{"line":10,"column":0},"end":{"line":10,"column":78}},"10":{"start":{"line":11,"column":0},"end":{"line":11,"column":69}},"12":{"start":{"line":13,"column":0},"end":{"line":13,"column":15}},"13":{"start":{"line":14,"column":0},"end":{"line":14,"column":46}},"15":{"start":{"line":16,"column":0},"end":{"line":16,"column":14}},"16":{"start":{"line":17,"column":0},"end":{"line":17,"column":15}},"17":{"start":{"line":18,"column":0},"end":{"line":18,"column":23}},"18":{"start":{"line":19,"column":0},"end":{"line":19,"column":122}},"19":{"start":{"line":20,"column":0},"end":{"line":20,"column":11}},"21":{"start":{"line":22,"column":0},"end":{"line":22,"column":17}},"22":{"start":{"line":23,"column":0},"end":{"line":23,"column":14}},"23":{"start":{"line":24,"column":0},"end":{"line":24,"column":12}},"25":{"start":{"line":26,"column":0},"end":{"line":26,"column":3}},"27":{"start":{"line":28,"column":0},"end":{"line":28,"column":10}},"28":{"start":{"line":29,"column":0},"end":{"line":29,"column":39}},"29":{"start":{"line":30,"column":0},"end":{"line":30,"column":40}},"30":{"start":{"line":31,"column":0},"end":{"line":31,"column":62}},"31":{"start":{"line":32,"column":0},"end":{"line":32,"column":50}},"32":{"start":{"line":33,"column":0},"end":{"line":33,"column":13}},"33":{"start":{"line":34,"column":0},"end":{"line":34,"column":45}},"35":{"start":{"line":36,"column":0},"end":{"line":36,"column":12}},"36":{"start":{"line":37,"column":0},"end":{"line":37,"column":12}},"38":{"start":{"line":39,"column":0},"end":{"line":39,"column":57}},"39":{"start":{"line":40,"column":0},"end":{"line":40,"column":37}},"40":{"start":{"line":41,"column":0},"end":{"line":41,"column":69}},"41":{"start":{"line":42,"column":0},"end":{"line":42,"column":54}},"43":{"start":{"line":44,"column":0},"end":{"line":44,"column":16}},"45":{"start":{"line":46,"column":0},"end":{"line":46,"column":99}},"46":{"start":{"line":47,"column":0},"end":{"line":47,"column":55}},"48":{"start":{"line":49,"column":0},"end":{"line":49,"column":20}},"49":{"start":{"line":50,"column":0},"end":{"line":50,"column":74}},"50":{"start":{"line":51,"column":0},"end":{"line":51,"column":18}},"51":{"start":{"line":52,"column":0},"end":{"line":52,"column":16}},"53":{"start":{"line":54,"column":0},"end":{"line":54,"column":57}},"54":{"start":{"line":55,"column":0},"end":{"line":55,"column":112}},"56":{"start":{"line":57,"column":0},"end":{"line":57,"column":21}},"57":{"start":{"line":58,"column":0},"end":{"line":58,"column":118}},"59":{"start":{"line":60,"column":0},"end":{"line":60,"column":21}},"60":{"start":{"line":61,"column":0},"end":{"line":61,"column":16}},"61":{"start":{"line":62,"column":0},"end":{"line":62,"column":14}},"62":{"start":{"line":63,"column":0},"end":{"line":63,"column":12}},"63":{"start":{"line":64,"column":0},"end":{"line":64,"column":10}},"65":{"start":{"line":66,"column":0},"end":{"line":66,"column":2}},"67":{"start":{"line":68,"column":0},"end":{"line":68,"column":31}}},"s":{"0":0,"1":0,"3":0,"4":0,"6":0,"7":0,"8":0,"9":0,"10":0,"12":0,"13":0,"15":0,"16":0,"17":0,"18":0,"19":0,"21":0,"22":0,"23":0,"25":0,"27":0,"28":0,"29":0,"30":0,"31":0,"32":0,"33":0,"35":0,"36":0,"38":0,"39":0,"40":0,"41":0,"43":0,"45":0,"46":0,"48":0,"49":0,"50":0,"51":0,"53":0,"54":0,"56":0,"57":0,"59":0,"60":0,"61":0,"62":0,"63":0,"65":0,"67":0},"branchMap":{"0":{"type":"branch","line":1,"loc":{"start":{"line":1,"column":2395},"end":{"line":68,"column":31}},"locations":[{"start":{"line":1,"column":2395},"end":{"line":68,"column":31}}]}},"b":{"0":[0]},"fnMap":{"0":{"name":"(empty-report)","decl":{"start":{"line":1,"column":2395},"end":{"line":68,"column":31}},"loc":{"start":{"line":1,"column":2395},"end":{"line":68,"column":31}},"line":1}},"f":{"0":0}}
,"/home/grobacz/projects/kanji/kanji-trainer/src/components/common/ErrorBoundary.tsx": {"path":"/home/grobacz/projects/kanji/kanji-trainer/src/components/common/ErrorBoundary.tsx","all":false,"statementMap":{"0":{"start":{"line":1,"column":0},"end":{"line":1,"column":26}},"12":{"start":{"line":13,"column":0},"end":{"line":13,"column":85}},"13":{"start":{"line":14,"column":0},"end":{"line":14,"column":42}},"14":{"start":{"line":15,"column":0},"end":{"line":15,"column":17}},"15":{"start":{"line":16,"column":0},"end":{"line":16,"column":37}},"16":{"start":{"line":17,"column":0},"end":{"line":17,"column":3}},"18":{"start":{"line":19,"column":0},"end":{"line":19,"column":69}},"19":{"start":{"line":20,"column":0},"end":{"line":20,"column":37}},"20":{"start":{"line":21,"column":0},"end":{"line":21,"column":3}},"22":{"start":{"line":23,"column":0},"end":{"line":23,"column":63}},"23":{"start":{"line":24,"column":0},"end":{"line":24,"column":70}},"24":{"start":{"line":25,"column":0},"end":{"line":25,"column":3}},"26":{"start":{"line":27,"column":0},"end":{"line":27,"column":30}},"27":{"start":{"line":28,"column":0},"end":{"line":28,"column":57}},"28":{"start":{"line":29,"column":0},"end":{"line":29,"column":4}},"30":{"start":{"line":31,"column":0},"end":{"line":31,"column":12}},"31":{"start":{"line":32,"column":0},"end":{"line":32,"column":30}},"32":{"start":{"line":33,"column":0},"end":{"line":33,"column":32}},"33":{"start":{"line":34,"column":0},"end":{"line":34,"column":54}},"34":{"start":{"line":35,"column":0},"end":{"line":35,"column":16}},"35":{"start":{"line":36,"column":0},"end":{"line":36,"column":28}},"36":{"start":{"line":37,"column":0},"end":{"line":37,"column":37}},"37":{"start":{"line":38,"column":0},"end":{"line":38,"column":56}},"38":{"start":{"line":39,"column":0},"end":{"line":39,"column":12}},"40":{"start":{"line":41,"column":0},"end":{"line":41,"column":7}},"42":{"start":{"line":43,"column":0},"end":{"line":43,"column":14}},"43":{"start":{"line":44,"column":0},"end":{"line":44,"column":82}},"44":{"start":{"line":45,"column":0},"end":{"line":45,"column":78}},"45":{"start":{"line":46,"column":0},"end":{"line":46,"column":68}},"47":{"start":{"line":48,"column":0},"end":{"line":48,"column":17}},"48":{"start":{"line":49,"column":0},"end":{"line":49,"column":46}},"50":{"start":{"line":51,"column":0},"end":{"line":51,"column":16}},"51":{"start":{"line":52,"column":0},"end":{"line":52,"column":19}},"52":{"start":{"line":53,"column":0},"end":{"line":53,"column":47}},"53":{"start":{"line":54,"column":0},"end":{"line":54,"column":108}},"54":{"start":{"line":55,"column":0},"end":{"line":55,"column":13}},"56":{"start":{"line":57,"column":0},"end":{"line":57,"column":21}},"57":{"start":{"line":58,"column":0},"end":{"line":58,"column":16}},"58":{"start":{"line":59,"column":0},"end":{"line":59,"column":14}},"60":{"start":{"line":61,"column":0},"end":{"line":61,"column":5}},"62":{"start":{"line":63,"column":0},"end":{"line":63,"column":31}},"63":{"start":{"line":64,"column":0},"end":{"line":64,"column":3}},"64":{"start":{"line":65,"column":0},"end":{"line":65,"column":1}},"66":{"start":{"line":67,"column":0},"end":{"line":67,"column":29}}},"s":{"0":1,"12":4,"13":4,"14":4,"15":4,"16":4,"18":4,"19":0,"20":0,"22":4,"23":0,"24":0,"26":4,"27":0,"28":0,"30":4,"31":4,"32":0,"33":0,"34":0,"35":0,"36":0,"37":0,"38":0,"40":0,"42":0,"43":0,"44":0,"45":0,"47":0,"48":0,"50":0,"51":0,"52":0,"53":0,"54":0,"56":0,"57":0,"58":0,"60":0,"62":4,"63":4,"64":4,"66":1},"branchMap":{"0":{"type":"branch","line":13,"loc":{"start":{"line":13,"column":0},"end":{"line":65,"column":1}},"locations":[{"start":{"line":13,"column":0},"end":{"line":65,"column":1}}]},"1":{"type":"branch","line":14,"loc":{"start":{"line":14,"column":2},"end":{"line":17,"column":3}},"locations":[{"start":{"line":14,"column":2},"end":{"line":17,"column":3}}]},"2":{"type":"branch","line":31,"loc":{"start":{"line":31,"column":2},"end":{"line":64,"column":3}},"locations":[{"start":{"line":31,"column":2},"end":{"line":64,"column":3}}]},"3":{"type":"branch","line":32,"loc":{"start":{"line":32,"column":29},"end":{"line":61,"column":5}},"locations":[{"start":{"line":32,"column":29},"end":{"line":61,"column":5}}]}},"b":{"0":[4],"1":[4],"2":[4],"3":[0]},"fnMap":{"0":{"name":"<instance_members_initializer>","decl":{"start":{"line":13,"column":0},"end":{"line":65,"column":1}},"loc":{"start":{"line":13,"column":0},"end":{"line":65,"column":1}},"line":13},"1":{"name":"ErrorBoundary","decl":{"start":{"line":14,"column":2},"end":{"line":17,"column":3}},"loc":{"start":{"line":14,"column":2},"end":{"line":17,"column":3}},"line":14},"2":{"name":"getDerivedStateFromError","decl":{"start":{"line":19,"column":9},"end":{"line":21,"column":3}},"loc":{"start":{"line":19,"column":9},"end":{"line":21,"column":3}},"line":19},"3":{"name":"componentDidCatch","decl":{"start":{"line":23,"column":2},"end":{"line":25,"column":3}},"loc":{"start":{"line":23,"column":2},"end":{"line":25,"column":3}},"line":23},"4":{"name":"resetErrorBoundary","decl":{"start":{"line":27,"column":23},"end":{"line":29,"column":4}},"loc":{"start":{"line":27,"column":23},"end":{"line":29,"column":4}},"line":27},"5":{"name":"render","decl":{"start":{"line":31,"column":2},"end":{"line":64,"column":3}},"loc":{"start":{"line":31,"column":2},"end":{"line":64,"column":3}},"line":31}},"f":{"0":4,"1":4,"2":0,"3":0,"4":0,"5":4}}
,"/home/grobacz/projects/kanji/kanji-trainer/src/components/common/Header.tsx": {"path":"/home/grobacz/projects/kanji/kanji-trainer/src/components/common/Header.tsx","all":false,"statementMap":{"0":{"start":{"line":1,"column":0},"end":{"line":1,"column":51}},"2":{"start":{"line":3,"column":0},"end":{"line":3,"column":32}},"3":{"start":{"line":4,"column":0},"end":{"line":4,"column":68}},"5":{"start":{"line":6,"column":0},"end":{"line":6,"column":10}},"6":{"start":{"line":7,"column":0},"end":{"line":7,"column":68}},"7":{"start":{"line":8,"column":0},"end":{"line":8,"column":51}},"8":{"start":{"line":9,"column":0},"end":{"line":9,"column":59}},"9":{"start":{"line":10,"column":0},"end":{"line":10,"column":55}},"10":{"start":{"line":11,"column":0},"end":{"line":11,"column":75}},"12":{"start":{"line":13,"column":0},"end":{"line":13,"column":17}},"13":{"start":{"line":14,"column":0},"end":{"line":14,"column":31}},"14":{"start":{"line":15,"column":0},"end":{"line":15,"column":107}},"15":{"start":{"line":16,"column":0},"end":{"line":16,"column":37}},"16":{"start":{"line":17,"column":0},"end":{"line":17,"column":21}},"18":{"start":{"line":19,"column":0},"end":{"line":19,"column":16}},"20":{"start":{"line":21,"column":0},"end":{"line":21,"column":55}},"21":{"start":{"line":22,"column":0},"end":{"line":22,"column":51}},"23":{"start":{"line":24,"column":0},"end":{"line":24,"column":18}},"24":{"start":{"line":25,"column":0},"end":{"line":25,"column":16}},"25":{"start":{"line":26,"column":0},"end":{"line":26,"column":14}},"26":{"start":{"line":27,"column":0},"end":{"line":27,"column":12}},"27":{"start":{"line":28,"column":0},"end":{"line":28,"column":13}},"29":{"start":{"line":30,"column":0},"end":{"line":30,"column":2}},"31":{"start":{"line":32,"column":0},"end":{"line":32,"column":22}}},"s":{"0":1,"2":1,"3":4,"5":4,"6":4,"7":4,"8":4,"9":4,"10":4,"12":4,"13":4,"14":0,"15":0,"16":0,"18":4,"20":4,"21":4,"23":4,"24":4,"25":4,"26":4,"27":4,"29":4,"31":1},"branchMap":{"0":{"type":"branch","line":3,"loc":{"start":{"line":3,"column":25},"end":{"line":30,"column":2}},"locations":[{"start":{"line":3,"column":25},"end":{"line":30,"column":2}}]},"1":{"type":"branch","line":14,"loc":{"start":{"line":14,"column":13},"end":{"line":17,"column":21}},"locations":[{"start":{"line":14,"column":13},"end":{"line":17,"column":21}}]},"2":{"type":"branch","line":4,"loc":{"start":{"line":4,"column":36},"end":{"line":4,"column":66}},"locations":[{"start":{"line":4,"column":36},"end":{"line":4,"column":66}}]}},"b":{"0":[4],"1":[0],"2":[12]},"fnMap":{"0":{"name":"Header","decl":{"start":{"line":3,"column":25},"end":{"line":30,"column":2}},"loc":{"start":{"line":3,"column":25},"end":{"line":30,"column":2}},"line":3}},"f":{"0":4}}
,"/home/grobacz/projects/kanji/kanji-trainer/src/components/common/LoadingSpinner.tsx": {"path":"/home/grobacz/projects/kanji/kanji-trainer/src/components/common/LoadingSpinner.tsx","all":true,"statementMap":{"5":{"start":{"line":6,"column":0},"end":{"line":6,"column":57}},"6":{"start":{"line":7,"column":0},"end":{"line":7,"column":15}},"7":{"start":{"line":8,"column":0},"end":{"line":8,"column":17}},"8":{"start":{"line":9,"column":0},"end":{"line":9,"column":7}},"9":{"start":{"line":10,"column":0},"end":{"line":10,"column":23}},"10":{"start":{"line":11,"column":0},"end":{"line":11,"column":18}},"11":{"start":{"line":12,"column":0},"end":{"line":12,"column":18}},"12":{"start":{"line":13,"column":0},"end":{"line":13,"column":19}},"13":{"start":{"line":14,"column":0},"end":{"line":14,"column":4}},"15":{"start":{"line":16,"column":0},"end":{"line":16,"column":10}},"16":{"start":{"line":17,"column":0},"end":{"line":17,"column":69}},"17":{"start":{"line":18,"column":0},"end":{"line":18,"column":10}},"18":{"start":{"line":19,"column":0},"end":{"line":19,"column":117}},"19":{"start":{"line":20,"column":0},"end":{"line":20,"column":21}},"20":{"start":{"line":21,"column":0},"end":{"line":21,"column":28}},"22":{"start":{"line":23,"column":0},"end":{"line":23,"column":51}},"23":{"start":{"line":24,"column":0},"end":{"line":24,"column":12}},"24":{"start":{"line":25,"column":0},"end":{"line":25,"column":10}},"26":{"start":{"line":27,"column":0},"end":{"line":27,"column":2}},"28":{"start":{"line":29,"column":0},"end":{"line":29,"column":30}}},"s":{"5":0,"6":0,"7":0,"8":0,"9":0,"10":0,"11":0,"12":0,"13":0,"15":0,"16":0,"17":0,"18":0,"19":0,"20":0,"22":0,"23":0,"24":0,"26":0,"28":0},"branchMap":{"0":{"type":"branch","line":1,"loc":{"start":{"line":1,"column":658},"end":{"line":29,"column":30}},"locations":[{"start":{"line":1,"column":658},"end":{"line":29,"column":30}}]}},"b":{"0":[1]},"fnMap":{"0":{"name":"(empty-report)","decl":{"start":{"line":1,"column":658},"end":{"line":29,"column":30}},"loc":{"start":{"line":1,"column":658},"end":{"line":29,"column":30}},"line":1}},"f":{"0":1}}
,"/home/grobacz/projects/kanji/kanji-trainer/src/components/common/Navigation.tsx": {"path":"/home/grobacz/projects/kanji/kanji-trainer/src/components/common/Navigation.tsx","all":false,"statementMap":{"0":{"start":{"line":1,"column":0},"end":{"line":1,"column":53}},"1":{"start":{"line":2,"column":0},"end":{"line":2,"column":9}},"7":{"start":{"line":8,"column":0},"end":{"line":8,"column":36}},"8":{"start":{"line":9,"column":0},"end":{"line":9,"column":33}},"10":{"start":{"line":11,"column":0},"end":{"line":11,"column":20}},"11":{"start":{"line":12,"column":0},"end":{"line":12,"column":5}},"12":{"start":{"line":13,"column":0},"end":{"line":13,"column":21}},"13":{"start":{"line":14,"column":0},"end":{"line":14,"column":21}},"14":{"start":{"line":15,"column":0},"end":{"line":15,"column":37}},"15":{"start":{"line":16,"column":0},"end":{"line":16,"column":6}},"16":{"start":{"line":17,"column":0},"end":{"line":17,"column":5}},"17":{"start":{"line":18,"column":0},"end":{"line":18,"column":21}},"18":{"start":{"line":19,"column":0},"end":{"line":19,"column":21}},"19":{"start":{"line":20,"column":0},"end":{"line":20,"column":22}},"20":{"start":{"line":21,"column":0},"end":{"line":21,"column":6}},"21":{"start":{"line":22,"column":0},"end":{"line":22,"column":5}},"22":{"start":{"line":23,"column":0},"end":{"line":23,"column":26}},"23":{"start":{"line":24,"column":0},"end":{"line":24,"column":26}},"24":{"start":{"line":25,"column":0},"end":{"line":25,"column":24}},"25":{"start":{"line":26,"column":0},"end":{"line":26,"column":5}},"26":{"start":{"line":27,"column":0},"end":{"line":27,"column":4}},"28":{"start":{"line":29,"column":0},"end":{"line":29,"column":10}},"29":{"start":{"line":30,"column":0},"end":{"line":30,"column":55}},"30":{"start":{"line":31,"column":0},"end":{"line":31,"column":46}},"31":{"start":{"line":32,"column":0},"end":{"line":32,"column":55}},"32":{"start":{"line":33,"column":0},"end":{"line":33,"column":35}},"33":{"start":{"line":34,"column":0},"end":{"line":34,"column":61}},"34":{"start":{"line":35,"column":0},"end":{"line":35,"column":35}},"36":{"start":{"line":37,"column":0},"end":{"line":37,"column":20}},"37":{"start":{"line":38,"column":0},"end":{"line":38,"column":19}},"38":{"start":{"line":39,"column":0},"end":{"line":39,"column":31}},"39":{"start":{"line":40,"column":0},"end":{"line":40,"column":30}},"40":{"start":{"line":41,"column":0},"end":{"line":41,"column":85}},"41":{"start":{"line":42,"column":0},"end":{"line":42,"column":26}},"42":{"start":{"line":43,"column":0},"end":{"line":43,"column":70}},"43":{"start":{"line":44,"column":0},"end":{"line":44,"column":57}},"44":{"start":{"line":45,"column":0},"end":{"line":45,"column":19}},"46":{"start":{"line":47,"column":0},"end":{"line":47,"column":49}},"47":{"start":{"line":48,"column":0},"end":{"line":48,"column":73}},"48":{"start":{"line":49,"column":0},"end":{"line":49,"column":21}},"50":{"start":{"line":51,"column":0},"end":{"line":51,"column":13}},"51":{"start":{"line":52,"column":0},"end":{"line":52,"column":14}},"52":{"start":{"line":53,"column":0},"end":{"line":53,"column":12}},"53":{"start":{"line":54,"column":0},"end":{"line":54,"column":10}},"55":{"start":{"line":56,"column":0},"end":{"line":56,"column":2}},"57":{"start":{"line":58,"column":0},"end":{"line":58,"column":26}}},"s":{"0":1,"1":1,"7":1,"8":4,"10":4,"11":4,"12":4,"13":4,"14":4,"15":4,"16":4,"17":4,"18":4,"19":4,"20":4,"21":4,"22":4,"23":4,"24":4,"25":4,"26":4,"28":4,"29":4,"30":4,"31":4,"32":4,"33":12,"34":12,"36":12,"37":12,"38":12,"39":12,"40":12,"41":12,"42":1,"43":11,"44":12,"46":12,"47":12,"48":12,"50":4,"51":4,"52":4,"53":4,"55":4,"57":1},"branchMap":{"0":{"type":"branch","line":8,"loc":{"start":{"line":8,"column":29},"end":{"line":56,"column":2}},"locations":[{"start":{"line":8,"column":29},"end":{"line":56,"column":2}}]},"1":{"type":"branch","line":33,"loc":{"start":{"line":33,"column":24},"end":{"line":51,"column":11}},"locations":[{"start":{"line":33,"column":24},"end":{"line":51,"column":11}}]},"2":{"type":"branch","line":42,"loc":{"start":{"line":42,"column":18},"end":{"line":43,"column":70}},"locations":[{"start":{"line":42,"column":18},"end":{"line":43,"column":70}}]},"3":{"type":"branch","line":43,"loc":{"start":{"line":43,"column":22},"end":{"line":44,"column":57}},"locations":[{"start":{"line":43,"column":22},"end":{"line":44,"column":57}}]}},"b":{"0":[4],"1":[12],"2":[1],"3":[11]},"fnMap":{"0":{"name":"Navigation","decl":{"start":{"line":8,"column":29},"end":{"line":56,"column":2}},"loc":{"start":{"line":8,"column":29},"end":{"line":56,"column":2}},"line":8}},"f":{"0":4}}
,"/home/grobacz/projects/kanji/kanji-trainer/src/store/appStore.ts": {"path":"/home/grobacz/projects/kanji/kanji-trainer/src/store/appStore.ts","all":false,"statementMap":{"0":{"start":{"line":1,"column":0},"end":{"line":1,"column":33}},"1":{"start":{"line":2,"column":0},"end":{"line":2,"column":45}},"9":{"start":{"line":10,"column":0},"end":{"line":10,"column":46}},"10":{"start":{"line":11,"column":0},"end":{"line":11,"column":10}},"11":{"start":{"line":12,"column":0},"end":{"line":12,"column":15}},"12":{"start":{"line":13,"column":0},"end":{"line":13,"column":26}},"13":{"start":{"line":14,"column":0},"end":{"line":14,"column":25}},"14":{"start":{"line":15,"column":0},"end":{"line":15,"column":65}},"15":{"start":{"line":16,"column":0},"end":{"line":16,"column":63}},"16":{"start":{"line":17,"column":0},"end":{"line":17,"column":7}},"17":{"start":{"line":18,"column":0},"end":{"line":18,"column":5}},"18":{"start":{"line":19,"column":0},"end":{"line":19,"column":34}},"19":{"start":{"line":20,"column":0},"end":{"line":20,"column":70}},"20":{"start":{"line":21,"column":0},"end":{"line":21,"column":5}},"21":{"start":{"line":22,"column":0},"end":{"line":22,"column":3}},"22":{"start":{"line":23,"column":0},"end":{"line":23,"column":2}}},"s":{"0":1,"1":1,"9":1,"10":1,"11":1,"12":2,"13":2,"14":2,"15":2,"16":2,"17":1,"18":1,"19":1,"20":1,"21":1,"22":1},"branchMap":{"0":{"type":"branch","line":12,"loc":{"start":{"line":12,"column":4},"end":{"line":17,"column":7}},"locations":[{"start":{"line":12,"column":4},"end":{"line":17,"column":7}}]},"1":{"type":"branch","line":15,"loc":{"start":{"line":15,"column":24},"end":{"line":15,"column":65}},"locations":[{"start":{"line":15,"column":24},"end":{"line":15,"column":65}}]},"2":{"type":"branch","line":16,"loc":{"start":{"line":16,"column":23},"end":{"line":16,"column":63}},"locations":[{"start":{"line":16,"column":23},"end":{"line":16,"column":63}}]},"3":{"type":"branch","line":20,"loc":{"start":{"line":20,"column":18},"end":{"line":20,"column":70}},"locations":[{"start":{"line":20,"column":18},"end":{"line":20,"column":70}}]}},"b":{"0":[2],"1":[7],"2":[8],"3":[15]},"fnMap":{"0":{"name":"useAppStore.name","decl":{"start":{"line":12,"column":4},"end":{"line":17,"column":7}},"loc":{"start":{"line":12,"column":4},"end":{"line":17,"column":7}},"line":12},"1":{"name":"setSelectedLevel","decl":{"start":{"line":15,"column":24},"end":{"line":15,"column":65}},"loc":{"start":{"line":15,"column":24},"end":{"line":15,"column":65}},"line":15},"2":{"name":"setCurrentKanji","decl":{"start":{"line":16,"column":23},"end":{"line":16,"column":63}},"loc":{"start":{"line":16,"column":23},"end":{"line":16,"column":63}},"line":16},"3":{"name":"partialize","decl":{"start":{"line":20,"column":18},"end":{"line":20,"column":70}},"loc":{"start":{"line":20,"column":18},"end":{"line":20,"column":70}},"line":20}},"f":{"0":2,"1":7,"2":8,"3":15}}
,"/home/grobacz/projects/kanji/kanji-trainer/src/types/index.ts": {"path":"/home/grobacz/projects/kanji/kanji-trainer/src/types/index.ts","all":true,"statementMap":{},"s":{},"branchMap":{"0":{"type":"branch","line":1,"loc":{"start":{"line":1,"column":535},"end":{"line":27,"column":1}},"locations":[{"start":{"line":1,"column":535},"end":{"line":27,"column":1}}]}},"b":{"0":[1]},"fnMap":{"0":{"name":"(empty-report)","decl":{"start":{"line":1,"column":535},"end":{"line":27,"column":1}},"loc":{"start":{"line":1,"column":535},"end":{"line":27,"column":1}},"line":1}},"f":{"0":1}}
}
